Using pre-set license
Built from '2022.3/release' branch; Version is '2022.3.48f1 (8bf49c377ebf) revision 9172124'; Using compiler version '192829333'; Build Type 'Release'
OS: 'Windows 11  (10.0.26100) 64bit Core' Language: 'en' Physical Memory: 16004 MB
BatchMode: 1, IsHumanControllingUs: 0, StartBugReporterOnCrash: 0, Is64bit: 1, IsPro: 1

COMMAND LINE ARGUMENTS:
L:\Unity Editor\2022.3.48f1\Editor\Unity.exe
-adb2
-batchMode
-noUpm
-name
AssetImportWorker1
-projectPath
L:/Unity Project/BAtest
-logFile
Logs/AssetImportWorker1.log
-srvPort
53549
Successfully changed project path to: L:/Unity Project/BAtest
L:/Unity Project/BAtest
[UnityMemory] Configuration Parameters - Can be set up in boot.config
    "memorysetup-bucket-allocator-granularity=16"
    "memorysetup-bucket-allocator-bucket-count=8"
    "memorysetup-bucket-allocator-block-size=33554432"
    "memorysetup-bucket-allocator-block-count=8"
    "memorysetup-main-allocator-block-size=16777216"
    "memorysetup-thread-allocator-block-size=16777216"
    "memorysetup-gfx-main-allocator-block-size=16777216"
    "memorysetup-gfx-thread-allocator-block-size=16777216"
    "memorysetup-cache-allocator-block-size=4194304"
    "memorysetup-typetree-allocator-block-size=2097152"
    "memorysetup-profiler-bucket-allocator-granularity=16"
    "memorysetup-profiler-bucket-allocator-bucket-count=8"
    "memorysetup-profiler-bucket-allocator-block-size=33554432"
    "memorysetup-profiler-bucket-allocator-block-count=8"
    "memorysetup-profiler-allocator-block-size=16777216"
    "memorysetup-profiler-editor-allocator-block-size=1048576"
    "memorysetup-temp-allocator-size-main=16777216"
    "memorysetup-job-temp-allocator-block-size=2097152"
    "memorysetup-job-temp-allocator-block-size-background=1048576"
    "memorysetup-job-temp-allocator-reduction-small-platforms=262144"
    "memorysetup-allocator-temp-initial-block-size-main=262144"
    "memorysetup-allocator-temp-initial-block-size-worker=262144"
    "memorysetup-temp-allocator-size-background-worker=32768"
    "memorysetup-temp-allocator-size-job-worker=262144"
    "memorysetup-temp-allocator-size-preload-manager=33554432"
    "memorysetup-temp-allocator-size-nav-mesh-worker=65536"
    "memorysetup-temp-allocator-size-audio-worker=65536"
    "memorysetup-temp-allocator-size-cloud-worker=32768"
    "memorysetup-temp-allocator-size-gi-baking-worker=262144"
    "memorysetup-temp-allocator-size-gfx=262144"
Player connection [24396]  Target information:

Player connection [24396]  * "[IP] 192.168.85.1 [Port] 0 [Flags] 2 [Guid] 3084678760 [EditorId] 3084678760 [Version] 1048832 [Id] WindowsEditor(7,Ekat) [Debug] 1 [PackageName] WindowsEditor [ProjectName] Editor" 

Player connection [24396]  * "[IP] 26.85.112.166 [Port] 0 [Flags] 2 [Guid] 3084678760 [EditorId] 3084678760 [Version] 1048832 [Id] WindowsEditor(7,Ekat) [Debug] 1 [PackageName] WindowsEditor [ProjectName] Editor" 

Player connection [24396]  * "[IP] 192.168.200.1 [Port] 0 [Flags] 2 [Guid] 3084678760 [EditorId] 3084678760 [Version] 1048832 [Id] WindowsEditor(7,Ekat) [Debug] 1 [PackageName] WindowsEditor [ProjectName] Editor" 

Player connection [24396]  * "[IP] 192.168.31.143 [Port] 0 [Flags] 2 [Guid] 3084678760 [EditorId] 3084678760 [Version] 1048832 [Id] WindowsEditor(7,Ekat) [Debug] 1 [PackageName] WindowsEditor [ProjectName] Editor" 

Player connection [24396] Host joined multi-casting on [225.0.0.222:54997]...
Player connection [24396] Host joined alternative multi-casting on [225.0.0.222:34997]...
[PhysX] Initialized MultithreadedTaskDispatcher with 20 workers.
Refreshing native plugins compatible for Editor in 14.68 ms, found 3 plugins.
Preloading 0 native plugins for Editor in 0.00 ms.
Initialize engine version: 2022.3.48f1 (8bf49c377ebf)
[Subsystems] Discovering subsystems at path L:/Unity Editor/2022.3.48f1/Editor/Data/Resources/UnitySubsystems
[Subsystems] Discovering subsystems at path L:/Unity Project/BAtest/Assets
GfxDevice: creating device client; threaded=0; jobified=0
Direct3D:
    Version:  Direct3D 11.0 [level 11.1]
    Renderer: NVIDIA GeForce RTX 3060 Laptop GPU (ID=0x2520)
    Vendor:   NVIDIA
    VRAM:     5996 MB
    Driver:   32.0.15.6607
Initialize mono
Mono path[0] = 'L:/Unity Editor/2022.3.48f1/Editor/Data/Managed'
Mono path[1] = 'L:/Unity Editor/2022.3.48f1/Editor/Data/MonoBleedingEdge/lib/mono/unityjit-win32'
Mono config path = 'L:/Unity Editor/2022.3.48f1/Editor/Data/MonoBleedingEdge/etc'
Using monoOptions --debugger-agent=transport=dt_socket,embedding=1,server=y,suspend=n,address=127.0.0.1:56456
Begin MonoManager ReloadAssembly
Registering precompiled unity dll's ...
Register platform support module: L:/Unity Editor/2022.3.48f1/Editor/Data/PlaybackEngines/WindowsStandaloneSupport/UnityEditor.WindowsStandalone.Extensions.dll
Registered in 0.007572 seconds.
- Loaded All Assemblies, in  0.540 seconds
Native extension for WindowsStandalone target not found
Mono: successfully reloaded assembly
- Finished resetting the current domain, in  0.456 seconds
Domain Reload Profiling: 994ms
	BeginReloadAssembly (171ms)
		ExecutionOrderSort (0ms)
		DisableScriptedObjects (0ms)
		BackupInstance (0ms)
		ReleaseScriptingObjects (0ms)
		CreateAndSetChildDomain (1ms)
	RebuildCommonClasses (52ms)
	RebuildNativeTypeToScriptingClass (18ms)
	initialDomainReloadingComplete (81ms)
	LoadAllAssembliesAndSetupDomain (216ms)
		LoadAssemblies (168ms)
		RebuildTransferFunctionScriptingTraits (0ms)
		AnalyzeDomain (214ms)
			TypeCache.Refresh (212ms)
				TypeCache.ScanAssembly (192ms)
			ScanForSourceGeneratedMonoScriptInfo (1ms)
			ResolveRequiredComponents (1ms)
	FinalizeReload (456ms)
		ReleaseScriptCaches (0ms)
		RebuildScriptCaches (0ms)
		SetupLoadedEditorAssemblies (380ms)
			LogAssemblyErrors (0ms)
			InitializePlatformSupportModulesInManaged (16ms)
			SetLoadedEditorAssemblies (14ms)
			RefreshPlugins (0ms)
			BeforeProcessingInitializeOnLoad (4ms)
			ProcessInitializeOnLoadAttributes (262ms)
			ProcessInitializeOnLoadMethodAttributes (84ms)
			AfterProcessingInitializeOnLoad (0ms)
			EditorAssembliesLoaded (0ms)
		ExecutionOrderSort2 (0ms)
		AwakeInstancesAfterBackupRestoration (0ms)
========================================================================
Worker process is ready to serve import requests
Caller must complete domain reload
Begin MonoManager ReloadAssembly
- Loaded All Assemblies, in  0.980 seconds
Native extension for WindowsStandalone target not found
Package Manager log level set to [2]
[Package Manager] Server::EnsureServerProcessIsRunning -- launch failed, reason: Unity was launched with the -noUpm command-line argument
[Package Manager] UpmClient::Send -- Unable to send message (not connected to UPM process).
[Package Manager] Cannot connect to Unity Package Manager local server
Mono: successfully reloaded assembly
- Finished resetting the current domain, in  1.503 seconds
Domain Reload Profiling: 2480ms
	BeginReloadAssembly (201ms)
		ExecutionOrderSort (0ms)
		DisableScriptedObjects (10ms)
		BackupInstance (0ms)
		ReleaseScriptingObjects (0ms)
		CreateAndSetChildDomain (25ms)
	RebuildCommonClasses (47ms)
	RebuildNativeTypeToScriptingClass (16ms)
	initialDomainReloadingComplete (57ms)
	LoadAllAssembliesAndSetupDomain (657ms)
		LoadAssemblies (493ms)
		RebuildTransferFunctionScriptingTraits (0ms)
		AnalyzeDomain (282ms)
			TypeCache.Refresh (247ms)
				TypeCache.ScanAssembly (227ms)
			ScanForSourceGeneratedMonoScriptInfo (25ms)
			ResolveRequiredComponents (7ms)
	FinalizeReload (1504ms)
		ReleaseScriptCaches (0ms)
		RebuildScriptCaches (0ms)
		SetupLoadedEditorAssemblies (1301ms)
			LogAssemblyErrors (0ms)
			InitializePlatformSupportModulesInManaged (10ms)
			SetLoadedEditorAssemblies (5ms)
			RefreshPlugins (0ms)
			BeforeProcessingInitializeOnLoad (136ms)
			ProcessInitializeOnLoadAttributes (1110ms)
			ProcessInitializeOnLoadMethodAttributes (33ms)
			AfterProcessingInitializeOnLoad (8ms)
			EditorAssembliesLoaded (0ms)
		ExecutionOrderSort2 (0ms)
		AwakeInstancesAfterBackupRestoration (11ms)
Launched and connected shader compiler UnityShaderCompiler.exe after 0.09 seconds
Refreshing native plugins compatible for Editor in 4.58 ms, found 3 plugins.
Preloading 0 native plugins for Editor in 0.00 ms.
Unloading 3537 Unused Serialized files (Serialized files now loaded: 0)
Unloading 21 unused Assets / (56.0 KB). Loaded Objects now: 4035.
Memory consumption went from 154.4 MB to 154.4 MB.
Total: 4.396900 ms (FindLiveObjects: 0.256700 ms CreateObjectMapping: 0.106400 ms MarkObjects: 3.894200 ms  DeleteObjects: 0.138100 ms)

AssetImportParameters requested are different than current active one (requested -> active):
  custom:container-demuxer-ogg: 62fdf1f143b41e24485cea50d1cbac27 -> 
  custom:video-codec-MediaFoundation-h265: 746d11721c4dcdbdad8f713fa42b33f4 -> 
  custom:video-decoder-ogg-theora: a1e56fd34408186e4bbccfd4996cb3dc -> 
  custom:framework-win-MediaFoundation: 216162199b28c13a410421893ffa2e32 -> 
  custom:CustomObjectIndexerAttribute: 9a22284fe3817be447336de3de66b15e -> 
  custom:container-demuxer-webm: 4f35f7cbe854078d1ac9338744f61a02 -> 
  custom:container-muxer-webm: aa71ff27fc2769a1b78a27578f13a17b -> 
  custom:video-decoder-webm-vp8: 9c59270c3fd7afecdb556c50c9e8de78 -> 
  custom:SearchIndexIgnoredProperties: e643bd26f0fe6173181afceb89e7c659 -> 
  custom:AudioImporter_EditorPlatform: d09bf68614088b80899f8185d706f6e7 -> 
  custom:video-encoder-webm-vp8: eb34c28f22e8b96e1ab97ce403110664 -> 
  custom:audio-decoder-ogg-vorbis: bf7c407c2cedff20999df2af8eb42d56 -> 
  custom:audio-encoder-webm-vorbis: bf7c407c2cedff20999df2af8eb42d56 -> 
========================================================================
Received Import Request.
  Time since last request: 26458.496419 seconds.
  path: Assets/Resources/UI/Prefabs/SingleSkillPanel.prefab
  artifactKey: Guid(cffcec46cb0c5bf449d23d6d4f2efa68) Importer(815301076,1909f56bfc062723c751e8b465ee728b)
Start importing Assets/Resources/UI/Prefabs/SingleSkillPanel.prefab using Guid(cffcec46cb0c5bf449d23d6d4f2efa68) Importer(815301076,1909f56bfc062723c751e8b465ee728b) [PhysX] Initialized MultithreadedTaskDispatcher with 20 workers.
 -> (artifact id: 'ce700cfd982cf1db6c655cd14c66d870') in 0.086792 seconds
Number of updated asset objects reloaded before import = 0
Number of asset objects unloaded after import = 28
========================================================================
Received Prepare
Caller must complete domain reload
Begin MonoManager ReloadAssembly
- Loaded All Assemblies, in  1.447 seconds
Native extension for WindowsStandalone target not found
[Package Manager] Server::EnsureServerProcessIsRunning -- launch failed, reason: Unity was launched with the -noUpm command-line argument
[Package Manager] UpmClient::Send -- Unable to send message (not connected to UPM process).
[Package Manager] Cannot connect to Unity Package Manager local server
Mono: successfully reloaded assembly
- Finished resetting the current domain, in  3.534 seconds
Domain Reload Profiling: 4965ms
	BeginReloadAssembly (499ms)
		ExecutionOrderSort (0ms)
		DisableScriptedObjects (21ms)
		BackupInstance (0ms)
		ReleaseScriptingObjects (1ms)
		CreateAndSetChildDomain (160ms)
	RebuildCommonClasses (67ms)
	RebuildNativeTypeToScriptingClass (24ms)
	initialDomainReloadingComplete (78ms)
	LoadAllAssembliesAndSetupDomain (762ms)
		LoadAssemblies (863ms)
		RebuildTransferFunctionScriptingTraits (0ms)
		AnalyzeDomain (98ms)
			TypeCache.Refresh (48ms)
				TypeCache.ScanAssembly (4ms)
			ScanForSourceGeneratedMonoScriptInfo (30ms)
			ResolveRequiredComponents (17ms)
	FinalizeReload (3535ms)
		ReleaseScriptCaches (0ms)
		RebuildScriptCaches (0ms)
		SetupLoadedEditorAssemblies (1818ms)
			LogAssemblyErrors (0ms)
			InitializePlatformSupportModulesInManaged (16ms)
			SetLoadedEditorAssemblies (10ms)
			RefreshPlugins (0ms)
			BeforeProcessingInitializeOnLoad (180ms)
			ProcessInitializeOnLoadAttributes (1555ms)
			ProcessInitializeOnLoadMethodAttributes (43ms)
			AfterProcessingInitializeOnLoad (13ms)
			EditorAssembliesLoaded (1ms)
		ExecutionOrderSort2 (0ms)
		AwakeInstancesAfterBackupRestoration (13ms)
Refreshing native plugins compatible for Editor in 8.26 ms, found 3 plugins.
Preloading 0 native plugins for Editor in 0.00 ms.
Unloading 3516 Unused Serialized files (Serialized files now loaded: 0)
Unloading 15 unused Assets / (29.3 KB). Loaded Objects now: 4040.
Memory consumption went from 149.7 MB to 149.7 MB.
Total: 7.358000 ms (FindLiveObjects: 0.403600 ms CreateObjectMapping: 0.164800 ms MarkObjects: 6.209100 ms  DeleteObjects: 0.578400 ms)

Prepare: number of updated asset objects reloaded= 0
AssetImportParameters requested are different than current active one (requested -> active):
  custom:scripting/monoscript/fileName/WorldManager.cs: 85e4c32ae1f49c4f9472ea136b191b72 -> 
  custom:container-demuxer-ogg: 62fdf1f143b41e24485cea50d1cbac27 -> 
  custom:video-codec-MediaFoundation-h265: 746d11721c4dcdbdad8f713fa42b33f4 -> 
  custom:scripting/monoscript/fileName/CacheManager.cs: 5e3e3407c3d51d84ce2376e9b6a6fa25 -> 
  custom:video-decoder-ogg-theora: a1e56fd34408186e4bbccfd4996cb3dc -> 
  custom:scripting/monoscript/fileName/Particle.cs: 07e58a473d4155638cac2e7fa153f952 -> 
  custom:framework-win-MediaFoundation: 216162199b28c13a410421893ffa2e32 -> 
  custom:scripting/monoscript/fileName/PlayerControls.cs: 0ecf0b5b4a9207402e80b603ad9a119c -> 
  custom:CustomObjectIndexerAttribute: 9a22284fe3817be447336de3de66b15e -> 
  custom:container-demuxer-webm: 4f35f7cbe854078d1ac9338744f61a02 -> 
  custom:scripting/monoscript/fileName/EntityAttribute.cs: 24b2f852729cdcbe2ef5c786dc18d585 -> 
  custom:scripting/monoscript/fileName/Skill.cs: 533e8c1b38d167e72c4d21027c6dddde -> 
  custom:scripting/monoscript/fileName/Buff.cs: 7d6ba6c71e1ae1b03dd39e1c649593c0 -> 
  custom:scripting/monoscript/fileName/Singleton.cs: 8f6297df34271fdb1ce2d9607ec6261d -> 90647cc400823b41df847a6cbfc29026
  custom:container-muxer-webm: aa71ff27fc2769a1b78a27578f13a17b -> 
  custom:video-decoder-webm-vp8: 9c59270c3fd7afecdb556c50c9e8de78 -> 
  custom:scripting/monoscript/fileName/SkillContainer.cs: 1499d4b1fdde7c18b12153b38725c84a -> 
  custom:scripting/monoscript/fileName/DontDestroy.cs: ab76564c6059a53acac5f4e72b4dffd5 -> 
  custom:scripting/monoscript/fileName/SkillManager.cs: cdfe6f5b9afe89118413b0d8cd56da95 -> 
  custom:SearchIndexIgnoredProperties: e643bd26f0fe6173181afceb89e7c659 -> 
  custom:AudioImporter_EditorPlatform: d09bf68614088b80899f8185d706f6e7 -> 
  custom:scripting/monoscript/fileName/Entity.cs: 8cac09fc90b4f4edb12c0296e8ef9416 -> 
  custom:scripting/monoscript/fileName/EntityData.cs: 0cc9b300951acc8470ef1f51e3d287fe -> 
  custom:scripting/monoscript/fileName/Character.cs: 6610cf1a3849b432c4c7411579a6e12b -> 
  custom:scripting/monoscript/fileName/SingletonMono.cs: 90647cc400823b41df847a6cbfc29026 -> 
  custom:scripting/monoscript/fileName/MainPageEventManager.cs: 8a044e3704832fb7e9ba8008ca839363 -> 
  custom:scripting/monoscript/fileName/Effect.cs: 8ee47c53468628942c7325ce7025f946 -> 
  custom:scripting/monoscript/fileName/CharacterDefine.cs: e32bb846380f965bc171945d05166d71 -> 
  custom:scripting/monoscript/fileName/OrbitCamera.cs: 339a3bd77086925232bf671dc870e480 -> 
  custom:video-encoder-webm-vp8: eb34c28f22e8b96e1ab97ce403110664 -> 
  custom:scripting/monoscript/fileName/AttackInfo.cs: 55e965c83328785ea20a90157cb472be -> 
  custom:audio-decoder-ogg-vorbis: bf7c407c2cedff20999df2af8eb42d56 -> 
  custom:scripting/monoscript/fileName/CharaterSelectManager.cs: a7a55b93db09fc9a8e2683fa04d30616 -> 
  custom:scripting/monoscript/fileName/SkillBase.cs: 7f574bfd007fcf62e8730a956b8b2a5a -> 
  custom:scripting/monoscript/fileName/Bullet.cs: a4f5918e799041ba1f6608f13912eb8b -> 
  custom:scripting/monoscript/fileName/DataManager.cs: 391fbbd6888f653416e6d2b1963354c7 -> 
  custom:scripting/monoscript/fileName/Player.cs: 007e2e63cbf915a2b71612a7f593548a -> 
  custom:audio-encoder-webm-vorbis: bf7c407c2cedff20999df2af8eb42d56 -> 
  custom:scripting/monoscript/fileName/LoadManager.cs: e09b813baccb43cdee0e364b3b20fc53 -> 
  custom:scripting/monoscript/fileName/SkillAttributes.cs: 2c4086fb94287c7933cf62f1a076f1bd -> 
  custom:scripting/precompiled-assembly-types:Assembly-CSharp: fcb8f2e914f09d3a1a6fd3c27a002617 -> 
  custom:scripting/monoscript/fileName/CharacterItem.cs: b23e12839a30c49aab35ca67bd084d54 -> 
========================================================================
Received Prepare
Caller must complete domain reload
Begin MonoManager ReloadAssembly
- Loaded All Assemblies, in  0.948 seconds
Native extension for WindowsStandalone target not found
[Package Manager] Server::EnsureServerProcessIsRunning -- launch failed, reason: Unity was launched with the -noUpm command-line argument
[Package Manager] UpmClient::Send -- Unable to send message (not connected to UPM process).
[Package Manager] Cannot connect to Unity Package Manager local server
Mono: successfully reloaded assembly
- Finished resetting the current domain, in  2.487 seconds
Domain Reload Profiling: 3430ms
	BeginReloadAssembly (277ms)
		ExecutionOrderSort (0ms)
		DisableScriptedObjects (9ms)
		BackupInstance (0ms)
		ReleaseScriptingObjects (0ms)
		CreateAndSetChildDomain (49ms)
	RebuildCommonClasses (54ms)
	RebuildNativeTypeToScriptingClass (20ms)
	initialDomainReloadingComplete (49ms)
	LoadAllAssembliesAndSetupDomain (542ms)
		LoadAssemblies (646ms)
		RebuildTransferFunctionScriptingTraits (0ms)
		AnalyzeDomain (58ms)
			TypeCache.Refresh (15ms)
				TypeCache.ScanAssembly (2ms)
			ScanForSourceGeneratedMonoScriptInfo (26ms)
			ResolveRequiredComponents (13ms)
	FinalizeReload (2488ms)
		ReleaseScriptCaches (0ms)
		RebuildScriptCaches (0ms)
		SetupLoadedEditorAssemblies (1579ms)
			LogAssemblyErrors (0ms)
			InitializePlatformSupportModulesInManaged (14ms)
			SetLoadedEditorAssemblies (7ms)
			RefreshPlugins (0ms)
			BeforeProcessingInitializeOnLoad (164ms)
			ProcessInitializeOnLoadAttributes (1343ms)
			ProcessInitializeOnLoadMethodAttributes (39ms)
			AfterProcessingInitializeOnLoad (12ms)
			EditorAssembliesLoaded (1ms)
		ExecutionOrderSort2 (0ms)
		AwakeInstancesAfterBackupRestoration (14ms)
Refreshing native plugins compatible for Editor in 6.94 ms, found 3 plugins.
Preloading 0 native plugins for Editor in 0.00 ms.
Unloading 3516 Unused Serialized files (Serialized files now loaded: 0)
Unloading 14 unused Assets / (28.5 KB). Loaded Objects now: 4043.
Memory consumption went from 150.0 MB to 149.9 MB.
Total: 5.037400 ms (FindLiveObjects: 0.376700 ms CreateObjectMapping: 0.166000 ms MarkObjects: 4.444300 ms  DeleteObjects: 0.048900 ms)

Prepare: number of updated asset objects reloaded= 0
AssetImportParameters requested are different than current active one (requested -> active):
  custom:scripting/monoscript/fileName/WorldManager.cs: 85e4c32ae1f49c4f9472ea136b191b72 -> 
  custom:container-demuxer-ogg: 62fdf1f143b41e24485cea50d1cbac27 -> 
  custom:video-codec-MediaFoundation-h265: 746d11721c4dcdbdad8f713fa42b33f4 -> 
  custom:scripting/monoscript/fileName/CacheManager.cs: 5e3e3407c3d51d84ce2376e9b6a6fa25 -> 
  custom:video-decoder-ogg-theora: a1e56fd34408186e4bbccfd4996cb3dc -> 
  custom:scripting/monoscript/fileName/Particle.cs: 07e58a473d4155638cac2e7fa153f952 -> 
  custom:framework-win-MediaFoundation: 216162199b28c13a410421893ffa2e32 -> 
  custom:scripting/monoscript/fileName/PlayerControls.cs: 0ecf0b5b4a9207402e80b603ad9a119c -> 
  custom:CustomObjectIndexerAttribute: 9a22284fe3817be447336de3de66b15e -> 
  custom:container-demuxer-webm: 4f35f7cbe854078d1ac9338744f61a02 -> 
  custom:scripting/monoscript/fileName/EntityAttribute.cs: 24b2f852729cdcbe2ef5c786dc18d585 -> 
  custom:scripting/monoscript/fileName/Skill.cs: 533e8c1b38d167e72c4d21027c6dddde -> 
  custom:scripting/monoscript/fileName/Buff.cs: 7d6ba6c71e1ae1b03dd39e1c649593c0 -> 
  custom:scripting/monoscript/fileName/Singleton.cs: 8f6297df34271fdb1ce2d9607ec6261d -> 90647cc400823b41df847a6cbfc29026
  custom:container-muxer-webm: aa71ff27fc2769a1b78a27578f13a17b -> 
  custom:video-decoder-webm-vp8: 9c59270c3fd7afecdb556c50c9e8de78 -> 
  custom:scripting/monoscript/fileName/SkillContainer.cs: 1499d4b1fdde7c18b12153b38725c84a -> 
  custom:scripting/monoscript/fileName/DontDestroy.cs: ab76564c6059a53acac5f4e72b4dffd5 -> 
  custom:scripting/monoscript/fileName/SkillManager.cs: cdfe6f5b9afe89118413b0d8cd56da95 -> 
  custom:SearchIndexIgnoredProperties: e643bd26f0fe6173181afceb89e7c659 -> 
  custom:AudioImporter_EditorPlatform: d09bf68614088b80899f8185d706f6e7 -> 
  custom:scripting/monoscript/fileName/Entity.cs: 8cac09fc90b4f4edb12c0296e8ef9416 -> 
  custom:scripting/monoscript/fileName/EntityData.cs: 0cc9b300951acc8470ef1f51e3d287fe -> 
  custom:scripting/monoscript/fileName/Character.cs: 6610cf1a3849b432c4c7411579a6e12b -> 
  custom:scripting/monoscript/fileName/SingletonMono.cs: 90647cc400823b41df847a6cbfc29026 -> 
  custom:scripting/monoscript/fileName/MainPageEventManager.cs: 8a044e3704832fb7e9ba8008ca839363 -> 
  custom:scripting/monoscript/fileName/Effect.cs: 8ee47c53468628942c7325ce7025f946 -> 
  custom:scripting/monoscript/fileName/CharacterDefine.cs: e32bb846380f965bc171945d05166d71 -> 
  custom:scripting/monoscript/fileName/OrbitCamera.cs: 339a3bd77086925232bf671dc870e480 -> 
  custom:video-encoder-webm-vp8: eb34c28f22e8b96e1ab97ce403110664 -> 
  custom:scripting/monoscript/fileName/AttackInfo.cs: 55e965c83328785ea20a90157cb472be -> 
  custom:audio-decoder-ogg-vorbis: bf7c407c2cedff20999df2af8eb42d56 -> 
  custom:scripting/monoscript/fileName/CharaterSelectManager.cs: a7a55b93db09fc9a8e2683fa04d30616 -> 
  custom:scripting/monoscript/fileName/SkillBase.cs: 7f574bfd007fcf62e8730a956b8b2a5a -> 
  custom:scripting/monoscript/fileName/Bullet.cs: a4f5918e799041ba1f6608f13912eb8b -> 
  custom:scripting/monoscript/fileName/DataManager.cs: 391fbbd6888f653416e6d2b1963354c7 -> 
  custom:scripting/monoscript/fileName/Player.cs: 007e2e63cbf915a2b71612a7f593548a -> 
  custom:audio-encoder-webm-vorbis: bf7c407c2cedff20999df2af8eb42d56 -> 
  custom:scripting/monoscript/fileName/LoadManager.cs: e09b813baccb43cdee0e364b3b20fc53 -> 
  custom:scripting/monoscript/fileName/SkillAttributes.cs: 2c4086fb94287c7933cf62f1a076f1bd -> 
  custom:scripting/precompiled-assembly-types:Assembly-CSharp: fcb8f2e914f09d3a1a6fd3c27a002617 -> 
  custom:scripting/monoscript/fileName/CharacterItem.cs: b23e12839a30c49aab35ca67bd084d54 -> 
========================================================================
Received Prepare
Caller must complete domain reload
Begin MonoManager ReloadAssembly
- Loaded All Assemblies, in  0.569 seconds
Native extension for WindowsStandalone target not found
[Package Manager] Server::EnsureServerProcessIsRunning -- launch failed, reason: Unity was launched with the -noUpm command-line argument
[Package Manager] UpmClient::Send -- Unable to send message (not connected to UPM process).
[Package Manager] Cannot connect to Unity Package Manager local server
Mono: successfully reloaded assembly
- Finished resetting the current domain, in  1.471 seconds
Domain Reload Profiling: 2036ms
	BeginReloadAssembly (198ms)
		ExecutionOrderSort (0ms)
		DisableScriptedObjects (6ms)
		BackupInstance (0ms)
		ReleaseScriptingObjects (0ms)
		CreateAndSetChildDomain (38ms)
	RebuildCommonClasses (37ms)
	RebuildNativeTypeToScriptingClass (12ms)
	initialDomainReloadingComplete (43ms)
	LoadAllAssembliesAndSetupDomain (275ms)
		LoadAssemblies (376ms)
		RebuildTransferFunctionScriptingTraits (0ms)
		AnalyzeDomain (14ms)
			TypeCache.Refresh (6ms)
				TypeCache.ScanAssembly (0ms)
			ScanForSourceGeneratedMonoScriptInfo (0ms)
			ResolveRequiredComponents (6ms)
	FinalizeReload (1471ms)
		ReleaseScriptCaches (0ms)
		RebuildScriptCaches (0ms)
		SetupLoadedEditorAssemblies (983ms)
			LogAssemblyErrors (0ms)
			InitializePlatformSupportModulesInManaged (6ms)
			SetLoadedEditorAssemblies (4ms)
			RefreshPlugins (0ms)
			BeforeProcessingInitializeOnLoad (116ms)
			ProcessInitializeOnLoadAttributes (823ms)
			ProcessInitializeOnLoadMethodAttributes (27ms)
			AfterProcessingInitializeOnLoad (6ms)
			EditorAssembliesLoaded (0ms)
		ExecutionOrderSort2 (0ms)
		AwakeInstancesAfterBackupRestoration (10ms)
Refreshing native plugins compatible for Editor in 6.16 ms, found 3 plugins.
Preloading 0 native plugins for Editor in 0.00 ms.
Unloading 3516 Unused Serialized files (Serialized files now loaded: 0)
Unloading 14 unused Assets / (28.5 KB). Loaded Objects now: 4046.
Memory consumption went from 150.0 MB to 149.9 MB.
Total: 4.339800 ms (FindLiveObjects: 0.376700 ms CreateObjectMapping: 0.173700 ms MarkObjects: 3.735500 ms  DeleteObjects: 0.052400 ms)

Prepare: number of updated asset objects reloaded= 0
AssetImportParameters requested are different than current active one (requested -> active):
  custom:scripting/monoscript/fileName/WorldManager.cs: 85e4c32ae1f49c4f9472ea136b191b72 -> 
  custom:container-demuxer-ogg: 62fdf1f143b41e24485cea50d1cbac27 -> 
  custom:video-codec-MediaFoundation-h265: 746d11721c4dcdbdad8f713fa42b33f4 -> 
  custom:scripting/monoscript/fileName/CacheManager.cs: 5e3e3407c3d51d84ce2376e9b6a6fa25 -> 
  custom:video-decoder-ogg-theora: a1e56fd34408186e4bbccfd4996cb3dc -> 
  custom:scripting/monoscript/fileName/Particle.cs: 07e58a473d4155638cac2e7fa153f952 -> 
  custom:framework-win-MediaFoundation: 216162199b28c13a410421893ffa2e32 -> 
  custom:scripting/monoscript/fileName/PlayerControls.cs: 0ecf0b5b4a9207402e80b603ad9a119c -> 
  custom:CustomObjectIndexerAttribute: 9a22284fe3817be447336de3de66b15e -> 
  custom:container-demuxer-webm: 4f35f7cbe854078d1ac9338744f61a02 -> 
  custom:scripting/monoscript/fileName/EntityAttribute.cs: 24b2f852729cdcbe2ef5c786dc18d585 -> 
  custom:scripting/monoscript/fileName/Skill.cs: 533e8c1b38d167e72c4d21027c6dddde -> 
  custom:scripting/monoscript/fileName/Buff.cs: 7d6ba6c71e1ae1b03dd39e1c649593c0 -> 
  custom:scripting/monoscript/fileName/Singleton.cs: 8f6297df34271fdb1ce2d9607ec6261d -> 90647cc400823b41df847a6cbfc29026
  custom:container-muxer-webm: aa71ff27fc2769a1b78a27578f13a17b -> 
  custom:video-decoder-webm-vp8: 9c59270c3fd7afecdb556c50c9e8de78 -> 
  custom:scripting/monoscript/fileName/SkillContainer.cs: 1499d4b1fdde7c18b12153b38725c84a -> 
  custom:scripting/monoscript/fileName/DontDestroy.cs: ab76564c6059a53acac5f4e72b4dffd5 -> 
  custom:scripting/monoscript/fileName/SkillManager.cs: cdfe6f5b9afe89118413b0d8cd56da95 -> 
  custom:SearchIndexIgnoredProperties: e643bd26f0fe6173181afceb89e7c659 -> 
  custom:AudioImporter_EditorPlatform: d09bf68614088b80899f8185d706f6e7 -> 
  custom:scripting/monoscript/fileName/Entity.cs: 8cac09fc90b4f4edb12c0296e8ef9416 -> 
  custom:scripting/monoscript/fileName/EntityData.cs: 0cc9b300951acc8470ef1f51e3d287fe -> 
  custom:scripting/monoscript/fileName/Character.cs: 6610cf1a3849b432c4c7411579a6e12b -> 
  custom:scripting/monoscript/fileName/SingletonMono.cs: 90647cc400823b41df847a6cbfc29026 -> 
  custom:scripting/monoscript/fileName/MainPageEventManager.cs: 8a044e3704832fb7e9ba8008ca839363 -> 
  custom:scripting/monoscript/fileName/Effect.cs: 8ee47c53468628942c7325ce7025f946 -> 
  custom:scripting/monoscript/fileName/CharacterDefine.cs: e32bb846380f965bc171945d05166d71 -> 
  custom:scripting/monoscript/fileName/OrbitCamera.cs: 339a3bd77086925232bf671dc870e480 -> 
  custom:video-encoder-webm-vp8: eb34c28f22e8b96e1ab97ce403110664 -> 
  custom:scripting/monoscript/fileName/AttackInfo.cs: 55e965c83328785ea20a90157cb472be -> 
  custom:audio-decoder-ogg-vorbis: bf7c407c2cedff20999df2af8eb42d56 -> 
  custom:scripting/monoscript/fileName/CharaterSelectManager.cs: a7a55b93db09fc9a8e2683fa04d30616 -> 
  custom:scripting/monoscript/fileName/SkillBase.cs: 7f574bfd007fcf62e8730a956b8b2a5a -> 
  custom:scripting/monoscript/fileName/Bullet.cs: a4f5918e799041ba1f6608f13912eb8b -> 
  custom:scripting/monoscript/fileName/DataManager.cs: 391fbbd6888f653416e6d2b1963354c7 -> 
  custom:scripting/monoscript/fileName/Player.cs: 007e2e63cbf915a2b71612a7f593548a -> 
  custom:audio-encoder-webm-vorbis: bf7c407c2cedff20999df2af8eb42d56 -> 
  custom:scripting/monoscript/fileName/LoadManager.cs: e09b813baccb43cdee0e364b3b20fc53 -> 
  custom:scripting/monoscript/fileName/SkillAttributes.cs: 2c4086fb94287c7933cf62f1a076f1bd -> 
  custom:scripting/precompiled-assembly-types:Assembly-CSharp: fcb8f2e914f09d3a1a6fd3c27a002617 -> 
  custom:scripting/monoscript/fileName/CharacterItem.cs: b23e12839a30c49aab35ca67bd084d54 -> 
========================================================================
Received Prepare
Caller must complete domain reload
Begin MonoManager ReloadAssembly
- Loaded All Assemblies, in  0.539 seconds
Native extension for WindowsStandalone target not found
[Package Manager] Server::EnsureServerProcessIsRunning -- launch failed, reason: Unity was launched with the -noUpm command-line argument
[Package Manager] UpmClient::Send -- Unable to send message (not connected to UPM process).
[Package Manager] Cannot connect to Unity Package Manager local server
Mono: successfully reloaded assembly
- Finished resetting the current domain, in  1.458 seconds
Domain Reload Profiling: 1996ms
	BeginReloadAssembly (172ms)
		ExecutionOrderSort (0ms)
		DisableScriptedObjects (4ms)
		BackupInstance (0ms)
		ReleaseScriptingObjects (0ms)
		CreateAndSetChildDomain (39ms)
	RebuildCommonClasses (46ms)
	RebuildNativeTypeToScriptingClass (14ms)
	initialDomainReloadingComplete (34ms)
	LoadAllAssembliesAndSetupDomain (270ms)
		LoadAssemblies (345ms)
		RebuildTransferFunctionScriptingTraits (0ms)
		AnalyzeDomain (18ms)
			TypeCache.Refresh (7ms)
				TypeCache.ScanAssembly (0ms)
			ScanForSourceGeneratedMonoScriptInfo (0ms)
			ResolveRequiredComponents (8ms)
	FinalizeReload (1459ms)
		ReleaseScriptCaches (0ms)
		RebuildScriptCaches (0ms)
		SetupLoadedEditorAssemblies (990ms)
			LogAssemblyErrors (0ms)
			InitializePlatformSupportModulesInManaged (6ms)
			SetLoadedEditorAssemblies (4ms)
			RefreshPlugins (0ms)
			BeforeProcessingInitializeOnLoad (116ms)
			ProcessInitializeOnLoadAttributes (831ms)
			ProcessInitializeOnLoadMethodAttributes (25ms)
			AfterProcessingInitializeOnLoad (8ms)
			EditorAssembliesLoaded (0ms)
		ExecutionOrderSort2 (0ms)
		AwakeInstancesAfterBackupRestoration (9ms)
Refreshing native plugins compatible for Editor in 3.40 ms, found 3 plugins.
Preloading 0 native plugins for Editor in 0.00 ms.
Unloading 3516 Unused Serialized files (Serialized files now loaded: 0)
Unloading 14 unused Assets / (28.5 KB). Loaded Objects now: 4049.
Memory consumption went from 150.0 MB to 149.9 MB.
Total: 3.494500 ms (FindLiveObjects: 0.329100 ms CreateObjectMapping: 0.134000 ms MarkObjects: 2.990600 ms  DeleteObjects: 0.039500 ms)

Prepare: number of updated asset objects reloaded= 0
AssetImportParameters requested are different than current active one (requested -> active):
  custom:scripting/monoscript/fileName/WorldManager.cs: 85e4c32ae1f49c4f9472ea136b191b72 -> 
  custom:container-demuxer-ogg: 62fdf1f143b41e24485cea50d1cbac27 -> 
  custom:video-codec-MediaFoundation-h265: 746d11721c4dcdbdad8f713fa42b33f4 -> 
  custom:scripting/monoscript/fileName/CacheManager.cs: 5e3e3407c3d51d84ce2376e9b6a6fa25 -> 
  custom:video-decoder-ogg-theora: a1e56fd34408186e4bbccfd4996cb3dc -> 
  custom:scripting/monoscript/fileName/Particle.cs: 07e58a473d4155638cac2e7fa153f952 -> 
  custom:framework-win-MediaFoundation: 216162199b28c13a410421893ffa2e32 -> 
  custom:scripting/monoscript/fileName/PlayerControls.cs: 0ecf0b5b4a9207402e80b603ad9a119c -> 
  custom:CustomObjectIndexerAttribute: 9a22284fe3817be447336de3de66b15e -> 
  custom:container-demuxer-webm: 4f35f7cbe854078d1ac9338744f61a02 -> 
  custom:scripting/monoscript/fileName/EntityAttribute.cs: 24b2f852729cdcbe2ef5c786dc18d585 -> 
  custom:scripting/monoscript/fileName/Skill.cs: 533e8c1b38d167e72c4d21027c6dddde -> 
  custom:scripting/monoscript/fileName/Buff.cs: 7d6ba6c71e1ae1b03dd39e1c649593c0 -> 
  custom:scripting/monoscript/fileName/Singleton.cs: 8f6297df34271fdb1ce2d9607ec6261d -> 90647cc400823b41df847a6cbfc29026
  custom:container-muxer-webm: aa71ff27fc2769a1b78a27578f13a17b -> 
  custom:video-decoder-webm-vp8: 9c59270c3fd7afecdb556c50c9e8de78 -> 
  custom:scripting/monoscript/fileName/SkillContainer.cs: 1499d4b1fdde7c18b12153b38725c84a -> 
  custom:scripting/monoscript/fileName/DontDestroy.cs: ab76564c6059a53acac5f4e72b4dffd5 -> 
  custom:scripting/monoscript/fileName/SkillManager.cs: cdfe6f5b9afe89118413b0d8cd56da95 -> 
  custom:SearchIndexIgnoredProperties: e643bd26f0fe6173181afceb89e7c659 -> 
  custom:AudioImporter_EditorPlatform: d09bf68614088b80899f8185d706f6e7 -> 
  custom:scripting/monoscript/fileName/Entity.cs: 8cac09fc90b4f4edb12c0296e8ef9416 -> 
  custom:scripting/monoscript/fileName/EntityData.cs: 0cc9b300951acc8470ef1f51e3d287fe -> 
  custom:scripting/monoscript/fileName/Character.cs: 6610cf1a3849b432c4c7411579a6e12b -> 
  custom:scripting/monoscript/fileName/SingletonMono.cs: 90647cc400823b41df847a6cbfc29026 -> 
  custom:scripting/monoscript/fileName/MainPageEventManager.cs: 8a044e3704832fb7e9ba8008ca839363 -> 
  custom:scripting/monoscript/fileName/Effect.cs: 8ee47c53468628942c7325ce7025f946 -> 
  custom:scripting/monoscript/fileName/CharacterDefine.cs: e32bb846380f965bc171945d05166d71 -> 
  custom:scripting/monoscript/fileName/OrbitCamera.cs: 339a3bd77086925232bf671dc870e480 -> 
  custom:video-encoder-webm-vp8: eb34c28f22e8b96e1ab97ce403110664 -> 
  custom:scripting/monoscript/fileName/AttackInfo.cs: 55e965c83328785ea20a90157cb472be -> 
  custom:audio-decoder-ogg-vorbis: bf7c407c2cedff20999df2af8eb42d56 -> 
  custom:scripting/monoscript/fileName/CharaterSelectManager.cs: a7a55b93db09fc9a8e2683fa04d30616 -> 
  custom:scripting/monoscript/fileName/SkillBase.cs: 7f574bfd007fcf62e8730a956b8b2a5a -> 
  custom:scripting/monoscript/fileName/Bullet.cs: a4f5918e799041ba1f6608f13912eb8b -> 
  custom:scripting/monoscript/fileName/DataManager.cs: 391fbbd6888f653416e6d2b1963354c7 -> 
  custom:scripting/monoscript/fileName/Player.cs: 007e2e63cbf915a2b71612a7f593548a -> 
  custom:audio-encoder-webm-vorbis: bf7c407c2cedff20999df2af8eb42d56 -> 
  custom:scripting/monoscript/fileName/LoadManager.cs: e09b813baccb43cdee0e364b3b20fc53 -> 
  custom:scripting/monoscript/fileName/SkillAttributes.cs: 2c4086fb94287c7933cf62f1a076f1bd -> 
  custom:scripting/precompiled-assembly-types:Assembly-CSharp: fcb8f2e914f09d3a1a6fd3c27a002617 -> 
  custom:scripting/monoscript/fileName/CharacterItem.cs: b23e12839a30c49aab35ca67bd084d54 -> 
========================================================================
Received Import Request.
  Time since last request: 8971.314163 seconds.
  path: Assets/Resources/Data/Skills/MomoiExSkill.asset
  artifactKey: Guid(6263a5467e4be254c8f8e2e076cf5cd0) Importer(815301076,1909f56bfc062723c751e8b465ee728b)
Start importing Assets/Resources/Data/Skills/MomoiExSkill.asset using Guid(6263a5467e4be254c8f8e2e076cf5cd0) Importer(815301076,1909f56bfc062723c751e8b465ee728b) [PhysX] Initialized MultithreadedTaskDispatcher with 20 workers.
 -> (artifact id: 'b2d4df4252ec1b6463bb3df8273cfee4') in 0.031021 seconds
Number of updated asset objects reloaded before import = 0
Number of asset objects unloaded after import = 1
========================================================================
Received Prepare
Caller must complete domain reload
Begin MonoManager ReloadAssembly
- Loaded All Assemblies, in  0.504 seconds
Native extension for WindowsStandalone target not found
[Package Manager] Server::EnsureServerProcessIsRunning -- launch failed, reason: Unity was launched with the -noUpm command-line argument
[Package Manager] UpmClient::Send -- Unable to send message (not connected to UPM process).
[Package Manager] Cannot connect to Unity Package Manager local server
Mono: successfully reloaded assembly
- Finished resetting the current domain, in  1.431 seconds
Domain Reload Profiling: 1933ms
	BeginReloadAssembly (179ms)
		ExecutionOrderSort (0ms)
		DisableScriptedObjects (4ms)
		BackupInstance (0ms)
		ReleaseScriptingObjects (0ms)
		CreateAndSetChildDomain (41ms)
	RebuildCommonClasses (31ms)
	RebuildNativeTypeToScriptingClass (15ms)
	initialDomainReloadingComplete (37ms)
	LoadAllAssembliesAndSetupDomain (240ms)
		LoadAssemblies (320ms)
		RebuildTransferFunctionScriptingTraits (0ms)
		AnalyzeDomain (15ms)
			TypeCache.Refresh (7ms)
				TypeCache.ScanAssembly (0ms)
			ScanForSourceGeneratedMonoScriptInfo (0ms)
			ResolveRequiredComponents (6ms)
	FinalizeReload (1432ms)
		ReleaseScriptCaches (0ms)
		RebuildScriptCaches (0ms)
		SetupLoadedEditorAssemblies (948ms)
			LogAssemblyErrors (0ms)
			InitializePlatformSupportModulesInManaged (8ms)
			SetLoadedEditorAssemblies (6ms)
			RefreshPlugins (0ms)
			BeforeProcessingInitializeOnLoad (113ms)
			ProcessInitializeOnLoadAttributes (796ms)
			ProcessInitializeOnLoadMethodAttributes (20ms)
			AfterProcessingInitializeOnLoad (5ms)
			EditorAssembliesLoaded (0ms)
		ExecutionOrderSort2 (0ms)
		AwakeInstancesAfterBackupRestoration (8ms)
Refreshing native plugins compatible for Editor in 4.26 ms, found 3 plugins.
Preloading 0 native plugins for Editor in 0.00 ms.
Unloading 3515 Unused Serialized files (Serialized files now loaded: 0)
Unloading 14 unused Assets / (28.5 KB). Loaded Objects now: 4052.
Memory consumption went from 149.7 MB to 149.7 MB.
Total: 3.334200 ms (FindLiveObjects: 0.342000 ms CreateObjectMapping: 0.099900 ms MarkObjects: 2.850800 ms  DeleteObjects: 0.039900 ms)

Prepare: number of updated asset objects reloaded= 0
AssetImportParameters requested are different than current active one (requested -> active):
  custom:scripting/monoscript/fileName/WorldManager.cs: 85e4c32ae1f49c4f9472ea136b191b72 -> 
  custom:container-demuxer-ogg: 62fdf1f143b41e24485cea50d1cbac27 -> 
  custom:video-codec-MediaFoundation-h265: 746d11721c4dcdbdad8f713fa42b33f4 -> 
  custom:scripting/monoscript/fileName/CacheManager.cs: 5e3e3407c3d51d84ce2376e9b6a6fa25 -> 
  custom:video-decoder-ogg-theora: a1e56fd34408186e4bbccfd4996cb3dc -> 
  custom:scripting/monoscript/fileName/Particle.cs: 07e58a473d4155638cac2e7fa153f952 -> 
  custom:framework-win-MediaFoundation: 216162199b28c13a410421893ffa2e32 -> 
  custom:scripting/monoscript/fileName/PlayerControls.cs: 0ecf0b5b4a9207402e80b603ad9a119c -> 
  custom:CustomObjectIndexerAttribute: 9a22284fe3817be447336de3de66b15e -> 
  custom:container-demuxer-webm: 4f35f7cbe854078d1ac9338744f61a02 -> 
  custom:scripting/monoscript/fileName/EntityAttribute.cs: 24b2f852729cdcbe2ef5c786dc18d585 -> 
  custom:scripting/monoscript/fileName/Skill.cs: 533e8c1b38d167e72c4d21027c6dddde -> 
  custom:scripting/monoscript/fileName/Buff.cs: 7d6ba6c71e1ae1b03dd39e1c649593c0 -> 
  custom:scripting/monoscript/fileName/Singleton.cs: 8f6297df34271fdb1ce2d9607ec6261d -> 90647cc400823b41df847a6cbfc29026
  custom:container-muxer-webm: aa71ff27fc2769a1b78a27578f13a17b -> 
  custom:video-decoder-webm-vp8: 9c59270c3fd7afecdb556c50c9e8de78 -> 
  custom:scripting/monoscript/fileName/SkillContainer.cs: 1499d4b1fdde7c18b12153b38725c84a -> 
  custom:scripting/monoscript/fileName/DontDestroy.cs: ab76564c6059a53acac5f4e72b4dffd5 -> 
  custom:scripting/monoscript/fileName/SkillManager.cs: cdfe6f5b9afe89118413b0d8cd56da95 -> 
  custom:SearchIndexIgnoredProperties: e643bd26f0fe6173181afceb89e7c659 -> 
  custom:AudioImporter_EditorPlatform: d09bf68614088b80899f8185d706f6e7 -> 
  custom:scripting/monoscript/fileName/Entity.cs: 8cac09fc90b4f4edb12c0296e8ef9416 -> 
  custom:scripting/monoscript/fileName/EntityData.cs: 0cc9b300951acc8470ef1f51e3d287fe -> 
  custom:scripting/monoscript/fileName/Character.cs: 6610cf1a3849b432c4c7411579a6e12b -> 
  custom:scripting/monoscript/fileName/SingletonMono.cs: 90647cc400823b41df847a6cbfc29026 -> 
  custom:scripting/monoscript/fileName/MainPageEventManager.cs: 8a044e3704832fb7e9ba8008ca839363 -> 
  custom:scripting/monoscript/fileName/Effect.cs: 8ee47c53468628942c7325ce7025f946 -> 
  custom:scripting/monoscript/fileName/CharacterDefine.cs: e32bb846380f965bc171945d05166d71 -> 
  custom:scripting/monoscript/fileName/OrbitCamera.cs: 339a3bd77086925232bf671dc870e480 -> 
  custom:video-encoder-webm-vp8: eb34c28f22e8b96e1ab97ce403110664 -> 
  custom:scripting/monoscript/fileName/AttackInfo.cs: 55e965c83328785ea20a90157cb472be -> 
  custom:audio-decoder-ogg-vorbis: bf7c407c2cedff20999df2af8eb42d56 -> 
  custom:scripting/monoscript/fileName/CharaterSelectManager.cs: a7a55b93db09fc9a8e2683fa04d30616 -> 
  custom:scripting/monoscript/fileName/SkillBase.cs: 7f574bfd007fcf62e8730a956b8b2a5a -> 
  custom:scripting/monoscript/fileName/Bullet.cs: a4f5918e799041ba1f6608f13912eb8b -> 
  custom:scripting/monoscript/fileName/DataManager.cs: 391fbbd6888f653416e6d2b1963354c7 -> 
  custom:scripting/monoscript/fileName/Player.cs: 007e2e63cbf915a2b71612a7f593548a -> 
  custom:audio-encoder-webm-vorbis: bf7c407c2cedff20999df2af8eb42d56 -> 
  custom:scripting/monoscript/fileName/LoadManager.cs: e09b813baccb43cdee0e364b3b20fc53 -> 
  custom:scripting/monoscript/fileName/SkillAttributes.cs: 2c4086fb94287c7933cf62f1a076f1bd -> 
  custom:scripting/precompiled-assembly-types:Assembly-CSharp: fcb8f2e914f09d3a1a6fd3c27a002617 -> 
  custom:scripting/monoscript/fileName/CharacterItem.cs: b23e12839a30c49aab35ca67bd084d54 -> 
========================================================================
Received Prepare
Caller must complete domain reload
Begin MonoManager ReloadAssembly
- Loaded All Assemblies, in  0.456 seconds
Native extension for WindowsStandalone target not found
[Package Manager] Server::EnsureServerProcessIsRunning -- launch failed, reason: Unity was launched with the -noUpm command-line argument
[Package Manager] UpmClient::Send -- Unable to send message (not connected to UPM process).
[Package Manager] Cannot connect to Unity Package Manager local server
Mono: successfully reloaded assembly
- Finished resetting the current domain, in  1.204 seconds
Domain Reload Profiling: 1658ms
	BeginReloadAssembly (151ms)
		ExecutionOrderSort (0ms)
		DisableScriptedObjects (6ms)
		BackupInstance (0ms)
		ReleaseScriptingObjects (0ms)
		CreateAndSetChildDomain (30ms)
	RebuildCommonClasses (30ms)
	RebuildNativeTypeToScriptingClass (10ms)
	initialDomainReloadingComplete (27ms)
	LoadAllAssembliesAndSetupDomain (235ms)
		LoadAssemblies (300ms)
		RebuildTransferFunctionScriptingTraits (0ms)
		AnalyzeDomain (17ms)
			TypeCache.Refresh (7ms)
				TypeCache.ScanAssembly (0ms)
			ScanForSourceGeneratedMonoScriptInfo (0ms)
			ResolveRequiredComponents (7ms)
	FinalizeReload (1205ms)
		ReleaseScriptCaches (0ms)
		RebuildScriptCaches (0ms)
		SetupLoadedEditorAssemblies (782ms)
			LogAssemblyErrors (0ms)
			InitializePlatformSupportModulesInManaged (6ms)
			SetLoadedEditorAssemblies (4ms)
			RefreshPlugins (0ms)
			BeforeProcessingInitializeOnLoad (90ms)
			ProcessInitializeOnLoadAttributes (656ms)
			ProcessInitializeOnLoadMethodAttributes (20ms)
			AfterProcessingInitializeOnLoad (5ms)
			EditorAssembliesLoaded (0ms)
		ExecutionOrderSort2 (0ms)
		AwakeInstancesAfterBackupRestoration (7ms)
Refreshing native plugins compatible for Editor in 4.05 ms, found 3 plugins.
Preloading 0 native plugins for Editor in 0.00 ms.
Unloading 3516 Unused Serialized files (Serialized files now loaded: 0)
Unloading 14 unused Assets / (28.6 KB). Loaded Objects now: 4055.
Memory consumption went from 150.0 MB to 150.0 MB.
Total: 3.052000 ms (FindLiveObjects: 0.196100 ms CreateObjectMapping: 0.084200 ms MarkObjects: 2.735000 ms  DeleteObjects: 0.035700 ms)

Prepare: number of updated asset objects reloaded= 0
AssetImportParameters requested are different than current active one (requested -> active):
  custom:scripting/monoscript/fileName/WorldManager.cs: 85e4c32ae1f49c4f9472ea136b191b72 -> 
  custom:container-demuxer-ogg: 62fdf1f143b41e24485cea50d1cbac27 -> 
  custom:video-codec-MediaFoundation-h265: 746d11721c4dcdbdad8f713fa42b33f4 -> 
  custom:scripting/monoscript/fileName/CacheManager.cs: 5e3e3407c3d51d84ce2376e9b6a6fa25 -> 
  custom:video-decoder-ogg-theora: a1e56fd34408186e4bbccfd4996cb3dc -> 
  custom:scripting/monoscript/fileName/Particle.cs: 07e58a473d4155638cac2e7fa153f952 -> 
  custom:framework-win-MediaFoundation: 216162199b28c13a410421893ffa2e32 -> 
  custom:scripting/monoscript/fileName/PlayerControls.cs: 0ecf0b5b4a9207402e80b603ad9a119c -> 
  custom:CustomObjectIndexerAttribute: 9a22284fe3817be447336de3de66b15e -> 
  custom:container-demuxer-webm: 4f35f7cbe854078d1ac9338744f61a02 -> 
  custom:scripting/monoscript/fileName/EntityAttribute.cs: 24b2f852729cdcbe2ef5c786dc18d585 -> 
  custom:scripting/monoscript/fileName/Skill.cs: 533e8c1b38d167e72c4d21027c6dddde -> 
  custom:scripting/monoscript/fileName/Buff.cs: 7d6ba6c71e1ae1b03dd39e1c649593c0 -> 
  custom:scripting/monoscript/fileName/Singleton.cs: 8f6297df34271fdb1ce2d9607ec6261d -> 90647cc400823b41df847a6cbfc29026
  custom:container-muxer-webm: aa71ff27fc2769a1b78a27578f13a17b -> 
  custom:video-decoder-webm-vp8: 9c59270c3fd7afecdb556c50c9e8de78 -> 
  custom:scripting/monoscript/fileName/SkillContainer.cs: 1499d4b1fdde7c18b12153b38725c84a -> 
  custom:scripting/monoscript/fileName/DontDestroy.cs: ab76564c6059a53acac5f4e72b4dffd5 -> 
  custom:scripting/monoscript/fileName/SkillManager.cs: cdfe6f5b9afe89118413b0d8cd56da95 -> 
  custom:SearchIndexIgnoredProperties: e643bd26f0fe6173181afceb89e7c659 -> 
  custom:AudioImporter_EditorPlatform: d09bf68614088b80899f8185d706f6e7 -> 
  custom:scripting/monoscript/fileName/Entity.cs: 8cac09fc90b4f4edb12c0296e8ef9416 -> 
  custom:scripting/monoscript/fileName/EntityData.cs: 0cc9b300951acc8470ef1f51e3d287fe -> 
  custom:scripting/monoscript/fileName/Character.cs: 6610cf1a3849b432c4c7411579a6e12b -> 
  custom:scripting/monoscript/fileName/SingletonMono.cs: 90647cc400823b41df847a6cbfc29026 -> 
  custom:scripting/monoscript/fileName/MainPageEventManager.cs: 8a044e3704832fb7e9ba8008ca839363 -> 
  custom:scripting/monoscript/fileName/Effect.cs: 8ee47c53468628942c7325ce7025f946 -> 
  custom:scripting/monoscript/fileName/CharacterDefine.cs: e32bb846380f965bc171945d05166d71 -> 
  custom:scripting/monoscript/fileName/OrbitCamera.cs: 339a3bd77086925232bf671dc870e480 -> 
  custom:video-encoder-webm-vp8: eb34c28f22e8b96e1ab97ce403110664 -> 
  custom:scripting/monoscript/fileName/AttackInfo.cs: 55e965c83328785ea20a90157cb472be -> 
  custom:audio-decoder-ogg-vorbis: bf7c407c2cedff20999df2af8eb42d56 -> 
  custom:scripting/monoscript/fileName/CharaterSelectManager.cs: a7a55b93db09fc9a8e2683fa04d30616 -> 
  custom:scripting/monoscript/fileName/SkillBase.cs: 7f574bfd007fcf62e8730a956b8b2a5a -> 
  custom:scripting/monoscript/fileName/Bullet.cs: a4f5918e799041ba1f6608f13912eb8b -> 
  custom:scripting/monoscript/fileName/DataManager.cs: 391fbbd6888f653416e6d2b1963354c7 -> 
  custom:scripting/monoscript/fileName/Player.cs: 007e2e63cbf915a2b71612a7f593548a -> 
  custom:audio-encoder-webm-vorbis: bf7c407c2cedff20999df2af8eb42d56 -> 
  custom:scripting/monoscript/fileName/LoadManager.cs: e09b813baccb43cdee0e364b3b20fc53 -> 
  custom:scripting/monoscript/fileName/SkillAttributes.cs: 2c4086fb94287c7933cf62f1a076f1bd -> 
  custom:scripting/precompiled-assembly-types:Assembly-CSharp: fcb8f2e914f09d3a1a6fd3c27a002617 -> 
  custom:scripting/monoscript/fileName/CharacterItem.cs: b23e12839a30c49aab35ca67bd084d54 -> 
========================================================================
Received Import Request.
  Time since last request: 445.014337 seconds.
  path: Assets/Resources/Effect/FX_TEX_Flare_00.png
  artifactKey: Guid(df09b11251fad3d4cb5878e6633fc15e) Importer(815301076,1909f56bfc062723c751e8b465ee728b)
Start importing Assets/Resources/Effect/FX_TEX_Flare_00.png using Guid(df09b11251fad3d4cb5878e6633fc15e) Importer(815301076,1909f56bfc062723c751e8b465ee728b) [PhysX] Initialized MultithreadedTaskDispatcher with 20 workers.
[PhysX] Initialized MultithreadedTaskDispatcher with 20 workers.
 -> (artifact id: '2fa975b0a61bf1a8c84f89eeda9c1fa7') in 0.099941 seconds
Number of updated asset objects reloaded before import = 0
Number of asset objects unloaded after import = 2
========================================================================
Received Import Request.
  Time since last request: 0.025541 seconds.
  path: Assets/Resources/Effect/FX_TEX_Flare_01.png
  artifactKey: Guid(756434d4d0d8a8641bce66d34989cc31) Importer(815301076,1909f56bfc062723c751e8b465ee728b)
Start importing Assets/Resources/Effect/FX_TEX_Flare_01.png using Guid(756434d4d0d8a8641bce66d34989cc31) Importer(815301076,1909f56bfc062723c751e8b465ee728b) [PhysX] Initialized MultithreadedTaskDispatcher with 20 workers.
[PhysX] Initialized MultithreadedTaskDispatcher with 20 workers.
 -> (artifact id: '471cdf1ad20bb04f35cc6da26bb8dbfa') in 0.007998 seconds
Number of updated asset objects reloaded before import = 0
Number of asset objects unloaded after import = 2
========================================================================
Received Import Request.
  Time since last request: 0.032532 seconds.
  path: Assets/Resources/Effect/FX_TEX_Flare_01a.png
  artifactKey: Guid(46db8d6556116784e96df0f5fc42cc8f) Importer(815301076,1909f56bfc062723c751e8b465ee728b)
Start importing Assets/Resources/Effect/FX_TEX_Flare_01a.png using Guid(46db8d6556116784e96df0f5fc42cc8f) Importer(815301076,1909f56bfc062723c751e8b465ee728b) [PhysX] Initialized MultithreadedTaskDispatcher with 20 workers.
[PhysX] Initialized MultithreadedTaskDispatcher with 20 workers.
 -> (artifact id: 'c1b5bfe632771cbf0125243490946d5c') in 0.010724 seconds
Number of updated asset objects reloaded before import = 0
Number of asset objects unloaded after import = 2
========================================================================
Received Import Request.
  Time since last request: 0.000020 seconds.
  path: Assets/Resources/Effect/FX_TEX_Flare_05.png
  artifactKey: Guid(56a982c44d8eafd4ead8f82cc8683ad4) Importer(815301076,1909f56bfc062723c751e8b465ee728b)
Start importing Assets/Resources/Effect/FX_TEX_Flare_05.png using Guid(56a982c44d8eafd4ead8f82cc8683ad4) Importer(815301076,1909f56bfc062723c751e8b465ee728b) [PhysX] Initialized MultithreadedTaskDispatcher with 20 workers.
[PhysX] Initialized MultithreadedTaskDispatcher with 20 workers.
 -> (artifact id: '17ee18732507965d9523518add22b8c8') in 0.008189 seconds
Number of updated asset objects reloaded before import = 0
Number of asset objects unloaded after import = 2
========================================================================
Received Import Request.
  Time since last request: 0.000018 seconds.
  path: Assets/Resources/Effect/FX_TEX_Flare_16_UI_Alp_Blured.png
  artifactKey: Guid(700766260f5461e4b8f59192819673f6) Importer(815301076,1909f56bfc062723c751e8b465ee728b)
Start importing Assets/Resources/Effect/FX_TEX_Flare_16_UI_Alp_Blured.png using Guid(700766260f5461e4b8f59192819673f6) Importer(815301076,1909f56bfc062723c751e8b465ee728b) [PhysX] Initialized MultithreadedTaskDispatcher with 20 workers.
[PhysX] Initialized MultithreadedTaskDispatcher with 20 workers.
 -> (artifact id: '545d78a1b1045e0d5b1b7787e3c693dc') in 0.007842 seconds
Number of updated asset objects reloaded before import = 0
Number of asset objects unloaded after import = 2
========================================================================
Received Import Request.
  Time since last request: 0.000017 seconds.
  path: Assets/Resources/Effect/FX_TEX_Flare_16_UI_Alp_Blured2.png
  artifactKey: Guid(422b747339fc7644ba96f93cf1931a08) Importer(815301076,1909f56bfc062723c751e8b465ee728b)
Start importing Assets/Resources/Effect/FX_TEX_Flare_16_UI_Alp_Blured2.png using Guid(422b747339fc7644ba96f93cf1931a08) Importer(815301076,1909f56bfc062723c751e8b465ee728b) [PhysX] Initialized MultithreadedTaskDispatcher with 20 workers.
[PhysX] Initialized MultithreadedTaskDispatcher with 20 workers.
 -> (artifact id: '8563fe3d8b7f2f9243ee13fdcd01774a') in 0.010136 seconds
Number of updated asset objects reloaded before import = 0
Number of asset objects unloaded after import = 2
========================================================================
Received Import Request.
  Time since last request: 0.000025 seconds.
  path: Assets/Resources/Effect/FX_TEX_Flare_07.png
  artifactKey: Guid(ffce29d20ed56874393007fddede9af3) Importer(815301076,1909f56bfc062723c751e8b465ee728b)
Start importing Assets/Resources/Effect/FX_TEX_Flare_07.png using Guid(ffce29d20ed56874393007fddede9af3) Importer(815301076,1909f56bfc062723c751e8b465ee728b) [PhysX] Initialized MultithreadedTaskDispatcher with 20 workers.
[PhysX] Initialized MultithreadedTaskDispatcher with 20 workers.
 -> (artifact id: '94307527ef008049d3f8167796152e8e') in 0.006451 seconds
Number of updated asset objects reloaded before import = 0
Number of asset objects unloaded after import = 2
========================================================================
Received Import Request.
  Time since last request: 0.000015 seconds.
  path: Assets/Resources/Effect/FX_TEX_Flare_02.png
  artifactKey: Guid(52bc007485890fc44a74580dedb87367) Importer(815301076,1909f56bfc062723c751e8b465ee728b)
Start importing Assets/Resources/Effect/FX_TEX_Flare_02.png using Guid(52bc007485890fc44a74580dedb87367) Importer(815301076,1909f56bfc062723c751e8b465ee728b) [PhysX] Initialized MultithreadedTaskDispatcher with 20 workers.
[PhysX] Initialized MultithreadedTaskDispatcher with 20 workers.
 -> (artifact id: 'e6f73cf1cd174ddffba47ef353436e35') in 0.006405 seconds
Number of updated asset objects reloaded before import = 0
Number of asset objects unloaded after import = 2
========================================================================
Received Import Request.
  Time since last request: 0.000017 seconds.
  path: Assets/Resources/Effect/FX_TEX_Flare_11.png
  artifactKey: Guid(13009ed7d114e7e4b9e44650d335df6d) Importer(815301076,1909f56bfc062723c751e8b465ee728b)
Start importing Assets/Resources/Effect/FX_TEX_Flare_11.png using Guid(13009ed7d114e7e4b9e44650d335df6d) Importer(815301076,1909f56bfc062723c751e8b465ee728b) [PhysX] Initialized MultithreadedTaskDispatcher with 20 workers.
[PhysX] Initialized MultithreadedTaskDispatcher with 20 workers.
 -> (artifact id: '4e5ed8a32487c91fb30308cef9daa26c') in 0.006946 seconds
Number of updated asset objects reloaded before import = 0
Number of asset objects unloaded after import = 2
========================================================================
Received Import Request.
  Time since last request: 0.000033 seconds.
  path: Assets/Resources/Effect/FX_TEX_Flare_03_I.png
  artifactKey: Guid(e021c1adaa42de74db90973fb8df15ad) Importer(815301076,1909f56bfc062723c751e8b465ee728b)
Start importing Assets/Resources/Effect/FX_TEX_Flare_03_I.png using Guid(e021c1adaa42de74db90973fb8df15ad) Importer(815301076,1909f56bfc062723c751e8b465ee728b) [PhysX] Initialized MultithreadedTaskDispatcher with 20 workers.
[PhysX] Initialized MultithreadedTaskDispatcher with 20 workers.
 -> (artifact id: '2eac40bf7754cedbc5c111faa71cb04e') in 0.007675 seconds
Number of updated asset objects reloaded before import = 0
Number of asset objects unloaded after import = 2
========================================================================
Received Import Request.
  Time since last request: 0.000022 seconds.
  path: Assets/Resources/Effect/FX_TEX_Flare_04.png
  artifactKey: Guid(2e4578c13f8f4c94aae2b373355b11ca) Importer(815301076,1909f56bfc062723c751e8b465ee728b)
Start importing Assets/Resources/Effect/FX_TEX_Flare_04.png using Guid(2e4578c13f8f4c94aae2b373355b11ca) Importer(815301076,1909f56bfc062723c751e8b465ee728b) [PhysX] Initialized MultithreadedTaskDispatcher with 20 workers.
[PhysX] Initialized MultithreadedTaskDispatcher with 20 workers.
 -> (artifact id: 'ee68a3dd2e197a160130120e397612a4') in 0.006694 seconds
Number of updated asset objects reloaded before import = 0
Number of asset objects unloaded after import = 2
========================================================================
Received Import Request.
  Time since last request: 0.000027 seconds.
  path: Assets/Resources/Effect/FX_TEX_Flare_01b.png
  artifactKey: Guid(f68d5850d5d8c2140b28d65e8edc4820) Importer(815301076,1909f56bfc062723c751e8b465ee728b)
Start importing Assets/Resources/Effect/FX_TEX_Flare_01b.png using Guid(f68d5850d5d8c2140b28d65e8edc4820) Importer(815301076,1909f56bfc062723c751e8b465ee728b) [PhysX] Initialized MultithreadedTaskDispatcher with 20 workers.
[PhysX] Initialized MultithreadedTaskDispatcher with 20 workers.
 -> (artifact id: '4190756ac958be5ccc405197d911402a') in 0.008272 seconds
Number of updated asset objects reloaded before import = 0
Number of asset objects unloaded after import = 2
========================================================================
Received Import Request.
  Time since last request: 0.000030 seconds.
  path: Assets/Resources/Effect/FX_TEX_Flare_01_UIConquest.png
  artifactKey: Guid(b77bb097e325e6944a387e117d2e7b23) Importer(815301076,1909f56bfc062723c751e8b465ee728b)
Start importing Assets/Resources/Effect/FX_TEX_Flare_01_UIConquest.png using Guid(b77bb097e325e6944a387e117d2e7b23) Importer(815301076,1909f56bfc062723c751e8b465ee728b) [PhysX] Initialized MultithreadedTaskDispatcher with 20 workers.
[PhysX] Initialized MultithreadedTaskDispatcher with 20 workers.
 -> (artifact id: '65caa5295d7c818064e3417e5c8603f0') in 0.008276 seconds
Number of updated asset objects reloaded before import = 0
Number of asset objects unloaded after import = 2
========================================================================
Received Prepare
Caller must complete domain reload
Begin MonoManager ReloadAssembly
- Loaded All Assemblies, in  0.532 seconds
Native extension for WindowsStandalone target not found
[Package Manager] Server::EnsureServerProcessIsRunning -- launch failed, reason: Unity was launched with the -noUpm command-line argument
[Package Manager] UpmClient::Send -- Unable to send message (not connected to UPM process).
[Package Manager] Cannot connect to Unity Package Manager local server
Mono: successfully reloaded assembly
- Finished resetting the current domain, in  1.489 seconds
Domain Reload Profiling: 2017ms
	BeginReloadAssembly (179ms)
		ExecutionOrderSort (0ms)
		DisableScriptedObjects (5ms)
		BackupInstance (0ms)
		ReleaseScriptingObjects (0ms)
		CreateAndSetChildDomain (39ms)
	RebuildCommonClasses (32ms)
	RebuildNativeTypeToScriptingClass (12ms)
	initialDomainReloadingComplete (39ms)
	LoadAllAssembliesAndSetupDomain (266ms)
		LoadAssemblies (348ms)
		RebuildTransferFunctionScriptingTraits (0ms)
		AnalyzeDomain (15ms)
			TypeCache.Refresh (6ms)
				TypeCache.ScanAssembly (0ms)
			ScanForSourceGeneratedMonoScriptInfo (0ms)
			ResolveRequiredComponents (5ms)
	FinalizeReload (1489ms)
		ReleaseScriptCaches (0ms)
		RebuildScriptCaches (0ms)
		SetupLoadedEditorAssemblies (981ms)
			LogAssemblyErrors (0ms)
			InitializePlatformSupportModulesInManaged (8ms)
			SetLoadedEditorAssemblies (5ms)
			RefreshPlugins (0ms)
			BeforeProcessingInitializeOnLoad (117ms)
			ProcessInitializeOnLoadAttributes (818ms)
			ProcessInitializeOnLoadMethodAttributes (25ms)
			AfterProcessingInitializeOnLoad (7ms)
			EditorAssembliesLoaded (0ms)
		ExecutionOrderSort2 (0ms)
		AwakeInstancesAfterBackupRestoration (10ms)
Refreshing native plugins compatible for Editor in 6.84 ms, found 3 plugins.
Preloading 0 native plugins for Editor in 0.00 ms.
Unloading 3515 Unused Serialized files (Serialized files now loaded: 0)
Unloading 14 unused Assets / (28.5 KB). Loaded Objects now: 4061.
Memory consumption went from 149.8 MB to 149.7 MB.
Total: 6.537300 ms (FindLiveObjects: 0.389200 ms CreateObjectMapping: 0.164700 ms MarkObjects: 5.931300 ms  DeleteObjects: 0.050500 ms)

Prepare: number of updated asset objects reloaded= 0
AssetImportParameters requested are different than current active one (requested -> active):
  custom:scripting/monoscript/fileName/WorldManager.cs: 85e4c32ae1f49c4f9472ea136b191b72 -> 
  custom:container-demuxer-ogg: 62fdf1f143b41e24485cea50d1cbac27 -> 
  custom:video-codec-MediaFoundation-h265: 746d11721c4dcdbdad8f713fa42b33f4 -> 
  custom:scripting/monoscript/fileName/CacheManager.cs: 5e3e3407c3d51d84ce2376e9b6a6fa25 -> 
  custom:video-decoder-ogg-theora: a1e56fd34408186e4bbccfd4996cb3dc -> 
  custom:scripting/monoscript/fileName/Particle.cs: 07e58a473d4155638cac2e7fa153f952 -> 
  custom:framework-win-MediaFoundation: 216162199b28c13a410421893ffa2e32 -> 
  custom:scripting/monoscript/fileName/PlayerControls.cs: 0ecf0b5b4a9207402e80b603ad9a119c -> 
  custom:CustomObjectIndexerAttribute: 9a22284fe3817be447336de3de66b15e -> 
  custom:container-demuxer-webm: 4f35f7cbe854078d1ac9338744f61a02 -> 
  custom:scripting/monoscript/fileName/EntityAttribute.cs: 24b2f852729cdcbe2ef5c786dc18d585 -> 
  custom:scripting/monoscript/fileName/Skill.cs: 533e8c1b38d167e72c4d21027c6dddde -> 
  custom:scripting/monoscript/fileName/Buff.cs: 7d6ba6c71e1ae1b03dd39e1c649593c0 -> 
  custom:scripting/monoscript/fileName/Singleton.cs: 8f6297df34271fdb1ce2d9607ec6261d -> 90647cc400823b41df847a6cbfc29026
  custom:container-muxer-webm: aa71ff27fc2769a1b78a27578f13a17b -> 
  custom:video-decoder-webm-vp8: 9c59270c3fd7afecdb556c50c9e8de78 -> 
  custom:scripting/monoscript/fileName/SkillContainer.cs: 1499d4b1fdde7c18b12153b38725c84a -> 
  custom:scripting/monoscript/fileName/DontDestroy.cs: ab76564c6059a53acac5f4e72b4dffd5 -> 
  custom:scripting/monoscript/fileName/SkillManager.cs: cdfe6f5b9afe89118413b0d8cd56da95 -> 
  custom:SearchIndexIgnoredProperties: e643bd26f0fe6173181afceb89e7c659 -> 
  custom:AudioImporter_EditorPlatform: d09bf68614088b80899f8185d706f6e7 -> 
  custom:scripting/monoscript/fileName/Entity.cs: 8cac09fc90b4f4edb12c0296e8ef9416 -> 
  custom:scripting/monoscript/fileName/EntityData.cs: 0cc9b300951acc8470ef1f51e3d287fe -> 
  custom:scripting/monoscript/fileName/Character.cs: 6610cf1a3849b432c4c7411579a6e12b -> 
  custom:scripting/monoscript/fileName/SingletonMono.cs: 90647cc400823b41df847a6cbfc29026 -> 
  custom:scripting/monoscript/fileName/MainPageEventManager.cs: 8a044e3704832fb7e9ba8008ca839363 -> 
  custom:scripting/monoscript/fileName/Effect.cs: 8ee47c53468628942c7325ce7025f946 -> 
  custom:scripting/monoscript/fileName/CharacterDefine.cs: e32bb846380f965bc171945d05166d71 -> 
  custom:scripting/monoscript/fileName/OrbitCamera.cs: 339a3bd77086925232bf671dc870e480 -> 
  custom:video-encoder-webm-vp8: eb34c28f22e8b96e1ab97ce403110664 -> 
  custom:scripting/monoscript/fileName/AttackInfo.cs: 55e965c83328785ea20a90157cb472be -> 
  custom:audio-decoder-ogg-vorbis: bf7c407c2cedff20999df2af8eb42d56 -> 
  custom:scripting/monoscript/fileName/CharaterSelectManager.cs: a7a55b93db09fc9a8e2683fa04d30616 -> 
  custom:scripting/monoscript/fileName/SkillBase.cs: 7f574bfd007fcf62e8730a956b8b2a5a -> 
  custom:scripting/monoscript/fileName/Bullet.cs: a4f5918e799041ba1f6608f13912eb8b -> 
  custom:scripting/monoscript/fileName/DataManager.cs: 391fbbd6888f653416e6d2b1963354c7 -> 
  custom:scripting/monoscript/fileName/Player.cs: 007e2e63cbf915a2b71612a7f593548a -> 
  custom:audio-encoder-webm-vorbis: bf7c407c2cedff20999df2af8eb42d56 -> 
  custom:scripting/monoscript/fileName/LoadManager.cs: e09b813baccb43cdee0e364b3b20fc53 -> 
  custom:scripting/monoscript/fileName/SkillAttributes.cs: 2c4086fb94287c7933cf62f1a076f1bd -> 
  custom:scripting/precompiled-assembly-types:Assembly-CSharp: fcb8f2e914f09d3a1a6fd3c27a002617 -> 
  custom:scripting/monoscript/fileName/CharacterItem.cs: b23e12839a30c49aab35ca67bd084d54 -> 
Editor requested this worker to shutdown with reason: Scaling down because of idle timeout
TcpMessagingSession - receive error: operation aborted. errorcode: 995, details: The I/O operation has been aborted because of either a thread exit or an application request.
AssetImportWorker is now disconnected from the server
Process exiting
Exiting without the bug reporter. Application will terminate with return code 0